<?xml version="1.0" encoding="UTF-8"?>
<!-- Generated by org.testng.reporters.JUnitReportReporter -->
<testsuite hostname="LTIN-APLXC43VHGT6H" failures="0" tests="1" name="kishapp.extra" time="111.788" errors="0" timestamp="2023-11-05T18:32:10 IST" skipped="0">
  <testcase classname="kishapp.extra" name="loginToServiceNow" time="111.788"/>
  <system-out/>
</testsuite> <!-- kishapp.extra -->
